============
 - - - - - - - - - - - - - - 
Key :0 | Value:Gr0ß Dölln
Key :1 | Value:Gr0ß Dölln
Key :2 | Value:Gr0ß Dölln
Key :3 | Value:Gr0ß Dölln
Key :4 | Value:Gr0ß Dölln
Key :5 | Value:Gr0ß Dölln
- - - - - - - - - - - - - - 
[
    [
        {
            "word": "Gr0\u00df D\u00f6lln\r",
            "font": 99,
            "cell_height": 44.99999999999999289457264239899814128875732421875
        },
        {
            "word": "Gr0\u00df D\u00f6lln\r",
            "font": 99,
            "cell_height": 44.99999999999999289457264239899814128875732421875
        }
    ],
    [
        {
            "word": "Gr0\u00df D\u00f6lln\r",
            "font": 99,
            "cell_height": 44.99999999999999289457264239899814128875732421875
        },
        {
            "word": "Gr0\u00df D\u00f6lln\r",
            "font": 99,
            "cell_height": 44.99999999999999289457264239899814128875732421875
        }
    ],
    [
        {
            "word": "Gr0\u00df D\u00f6lln\r",
            "font": 99,
            "cell_height": 44.99999999999999289457264239899814128875732421875
        },
        {
            "word": "Gr0\u00df D\u00f6lln",
            "font": 104,
            "cell_height": 47.2727272727272662677933112718164920806884765625
        }
    ]
]
------------------------
- - - - - - - - - - - - - - 
Page Height: 440
- - - - - - - - - - - - - - 
